# JRE version: Java(TM) SE Runtime Environment (8.0_191-b12) (build 1.8.0_191-b12)
# Java VM: Java HotSpot(TM) 64-Bit Server VM (25.191-b12 mixed mode windows-amd64 compressed oops)
Heap:
 PSYoungGen      total 67072K, used 23255K [0x00000000d5b00000, 0x00000000db800000, 0x0000000100000000)
  eden space 61952K, 31% used [0x00000000d5b00000,0x00000000d6dc4058,0x00000000d9780000)
  from space 5120K, 78% used [0x00000000d9780000,0x00000000d9b71d48,0x00000000d9c80000)
  to   space 4608K, 0% used [0x00000000db380000,0x00000000db380000,0x00000000db800000)
 ParOldGen       total 129536K, used 14217K [0x0000000081000000, 0x0000000088e80000, 0x00000000d5b00000)
  object space 129536K, 10% used [0x0000000081000000,0x0000000081de2698,0x0000000088e80000)
 Metaspace       used 12296K, capacity 12502K, committed 12800K, reserved 1060864K
  class space    used 1377K, capacity 1456K, committed 1536K, reserved 1048576K
GC Heap History (10 events):
Event: 3.168 GC heap before
{Heap before GC invocations=5 (full 2):
 PSYoungGen      total 38400K, used 33280K [0x00000000d5b00000, 0x00000000da600000, 0x0000000100000000)
  eden space 33280K, 100% used [0x00000000d5b00000,0x00000000d7b80000,0x00000000d7b80000)
  from space 5120K, 0% used [0x00000000d7b80000,0x00000000d7b80000,0x00000000d8080000)
  to   space 5120K, 0% used [0x00000000da100000,0x00000000da100000,0x00000000da600000)
 ParOldGen       total 271360K, used 269258K [0x0000000081000000, 0x0000000091900000, 0x00000000d5b00000)
  object space 271360K, 99% used [0x0000000081000000,0x00000000916f2908,0x0000000091900000)
 Metaspace       used 11766K, capacity 11990K, committed 12288K, reserved 1060864K
  class space    used 1371K, capacity 1456K, committed 1536K, reserved 1048576K
Event: 3.205 GC heap after
Heap after GC invocations=5 (full 2):
 PSYoungGen      total 38400K, used 0K [0x00000000d5b00000, 0x00000000da600000, 0x0000000100000000)
  eden space 33280K, 0% used [0x00000000d5b00000,0x00000000d5b00000,0x00000000d7b80000)
  from space 5120K, 0% used [0x00000000d7b80000,0x00000000d7b80000,0x00000000d8080000)
  to   space 5120K, 0% used [0x00000000da100000,0x00000000da100000,0x00000000da600000)
 ParOldGen       total 76288K, used 8043K [0x0000000081000000, 0x0000000085a80000, 0x00000000d5b00000)
  object space 76288K, 10% used [0x0000000081000000,0x00000000817daf70,0x0000000085a80000)
 Metaspace       used 11766K, capacity 11990K, committed 12288K, reserved 1060864K
  class space    used 1371K, capacity 1456K, committed 1536K, reserved 1048576K
}
Event: 3.248 GC heap before
{Heap before GC invocations=6 (full 2):
 PSYoungGen      total 38400K, used 31518K [0x00000000d5b00000, 0x00000000da600000, 0x0000000100000000)
  eden space 33280K, 94% used [0x00000000d5b00000,0x00000000d79c7940,0x00000000d7b80000)
  from space 5120K, 0% used [0x00000000d7b80000,0x00000000d7b80000,0x00000000d8080000)
  to   space 5120K, 0% used [0x00000000da100000,0x00000000da100000,0x00000000da600000)
 ParOldGen       total 76288K, used 14118K [0x0000000081000000, 0x0000000085a80000, 0x00000000d5b00000)
  object space 76288K, 18% used [0x0000000081000000,0x0000000081dc9b80,0x0000000085a80000)
 Metaspace       used 11790K, capacity 11990K, committed 12288K, reserved 1060864K
  class space    used 1371K, capacity 1456K, committed 1536K, reserved 1048576K
Event: 3.254 GC heap after
Heap after GC invocations=6 (full 2):
 PSYoungGen      total 58880K, used 416K [0x00000000d5b00000, 0x00000000da180000, 0x0000000100000000)
  eden space 58368K, 0% used [0x00000000d5b00000,0x00000000d5b00000,0x00000000d9400000)
  from space 512K, 81% used [0x00000000da100000,0x00000000da168000,0x00000000da180000)
  to   space 5120K, 0% used [0x00000000d9780000,0x00000000d9780000,0x00000000d9c80000)
 ParOldGen       total 76288K, used 56651K [0x0000000081000000, 0x0000000085a80000, 0x00000000d5b00000)
  object space 76288K, 74% used [0x0000000081000000,0x0000000084752ff0,0x0000000085a80000)
 Metaspace       used 11790K, capacity 11990K, committed 12288K, reserved 1060864K
  class space    used 1371K, capacity 1456K, committed 1536K, reserved 1048576K
}
Event: 3.254 GC heap before
{Heap before GC invocations=7 (full 3):
 PSYoungGen      total 58880K, used 416K [0x00000000d5b00000, 0x00000000da180000, 0x0000000100000000)
  eden space 58368K, 0% used [0x00000000d5b00000,0x00000000d5b00000,0x00000000d9400000)
  from space 512K, 81% used [0x00000000da100000,0x00000000da168000,0x00000000da180000)
  to   space 5120K, 0% used [0x00000000d9780000,0x00000000d9780000,0x00000000d9c80000)
 ParOldGen       total 76288K, used 56651K [0x0000000081000000, 0x0000000085a80000, 0x00000000d5b00000)
  object space 76288K, 74% used [0x0000000081000000,0x0000000084752ff0,0x0000000085a80000)
 Metaspace       used 11790K, capacity 11990K, committed 12288K, reserved 1060864K
  class space    used 1371K, capacity 1456K, committed 1536K, reserved 1048576K
Event: 3.270 GC heap after
Heap after GC invocations=7 (full 3):
 PSYoungGen      total 58880K, used 0K [0x00000000d5b00000, 0x00000000da180000, 0x0000000100000000)
  eden space 58368K, 0% used [0x00000000d5b00000,0x00000000d5b00000,0x00000000d9400000)
  from space 512K, 0% used [0x00000000da100000,0x00000000da100000,0x00000000da180000)
  to   space 5120K, 0% used [0x00000000d9780000,0x00000000d9780000,0x00000000d9c80000)
 ParOldGen       total 119808K, used 20212K [0x0000000081000000, 0x0000000088500000, 0x00000000d5b00000)
  object space 119808K, 16% used [0x0000000081000000,0x00000000823bd010,0x0000000088500000)
 Metaspace       used 11790K, capacity 11990K, committed 12288K, reserved 1060864K
  class space    used 1371K, capacity 1456K, committed 1536K, reserved 1048576K
}
Event: 3.719 GC heap before
{Heap before GC invocations=8 (full 4):
 PSYoungGen      total 58880K, used 58368K [0x00000000d5b00000, 0x00000000da180000, 0x0000000100000000)
  eden space 58368K, 100% used [0x00000000d5b00000,0x00000000d9400000,0x00000000d9400000)
  from space 512K, 0% used [0x00000000da100000,0x00000000da100000,0x00000000da180000)
  to   space 5120K, 0% used [0x00000000d9780000,0x00000000d9780000,0x00000000d9c80000)
 ParOldGen       total 279552K, used 275363K [0x0000000081000000, 0x0000000092100000, 0x00000000d5b00000)
  object space 279552K, 98% used [0x0000000081000000,0x0000000091ce8e40,0x0000000092100000)
 Metaspace       used 12023K, capacity 12246K, committed 12544K, reserved 1060864K
  class space    used 1371K, capacity 1456K, committed 1536K, reserved 1048576K
Event: 3.743 GC heap after
Heap after GC invocations=8 (full 4):
 PSYoungGen      total 58880K, used 0K [0x00000000d5b00000, 0x00000000da180000, 0x0000000100000000)
  eden space 58368K, 0% used [0x00000000d5b00000,0x00000000d5b00000,0x00000000d9400000)
  from space 512K, 0% used [0x00000000da100000,0x00000000da100000,0x00000000da180000)
  to   space 5120K, 0% used [0x00000000d9780000,0x00000000d9780000,0x00000000d9c80000)
 ParOldGen       total 129536K, used 14209K [0x0000000081000000, 0x0000000088e80000, 0x00000000d5b00000)
  object space 129536K, 10% used [0x0000000081000000,0x0000000081de0698,0x0000000088e80000)
 Metaspace       used 12023K, capacity 12246K, committed 12544K, reserved 1060864K
  class space    used 1371K, capacity 1456K, committed 1536K, reserved 1048576K
}
Event: 6.039 GC heap before
{Heap before GC invocations=9 (full 4):
 PSYoungGen      total 58880K, used 58163K [0x00000000d5b00000, 0x00000000da180000, 0x0000000100000000)
  eden space 58368K, 99% used [0x00000000d5b00000,0x00000000d93ccc30,0x00000000d9400000)
  from space 512K, 0% used [0x00000000da100000,0x00000000da100000,0x00000000da180000)
  to   space 5120K, 0% used [0x00000000d9780000,0x00000000d9780000,0x00000000d9c80000)
 ParOldGen       total 129536K, used 14209K [0x0000000081000000, 0x0000000088e80000, 0x00000000d5b00000)
  object space 129536K, 10% used [0x0000000081000000,0x0000000081de0698,0x0000000088e80000)
 Metaspace       used 12276K, capacity 12502K, committed 12800K, reserved 1060864K
  class space    used 1376K, capacity 1456K, committed 1536K, reserved 1048576K
Event: 6.041 GC heap after
Heap after GC invocations=9 (full 4):
 PSYoungGen      total 67072K, used 4039K [0x00000000d5b00000, 0x00000000db800000, 0x0000000100000000)
  eden space 61952K, 0% used [0x00000000d5b00000,0x00000000d5b00000,0x00000000d9780000)
  from space 5120K, 78% used [0x00000000d9780000,0x00000000d9b71d48,0x00000000d9c80000)
  to   space 4608K, 0% used [0x00000000db380000,0x00000000db380000,0x00000000db800000)
 ParOldGen       total 129536K, used 14217K [0x0000000081000000, 0x0000000088e80000, 0x00000000d5b00000)
  object space 129536K, 10% used [0x0000000081000000,0x0000000081de2698,0x0000000088e80000)
 Metaspace       used 12276K, capacity 12502K, committed 12800K, reserved 1060864K
  class space    used 1376K, capacity 1456K, committed 1536K, reserved 1048576K
}

