# JRE version: Java(TM) SE Runtime Environment (8.0_191-b12) (build 1.8.0_191-b12)
# Java VM: Java HotSpot(TM) 64-Bit Server VM (25.191-b12 mixed mode windows-amd64 compressed oops)
Heap:
 PSYoungGen      total 67072K, used 62272K [0x00000000d5b00000, 0x00000000dae80000, 0x0000000100000000)
  eden space 61952K, 100% used [0x00000000d5b00000,0x00000000d9780000,0x00000000d9780000)
  from space 5120K, 6% used [0x00000000d9780000,0x00000000d97d0000,0x00000000d9c80000)
  to   space 3072K, 0% used [0x00000000dab80000,0x00000000dab80000,0x00000000dae80000)
 ParOldGen       total 240128K, used 240107K [0x0000000081000000, 0x000000008fa80000, 0x00000000d5b00000)
  object space 240128K, 99% used [0x0000000081000000,0x000000008fa7ac50,0x000000008fa80000)
 Metaspace       used 12289K, capacity 12502K, committed 12800K, reserved 1060864K
  class space    used 1374K, capacity 1456K, committed 1536K, reserved 1048576K
GC Heap History (10 events):
Event: 7.517 GC heap before
{Heap before GC invocations=5 (full 2):
 PSYoungGen      total 38400K, used 33280K [0x00000000d5b00000, 0x00000000da600000, 0x0000000100000000)
  eden space 33280K, 100% used [0x00000000d5b00000,0x00000000d7b80000,0x00000000d7b80000)
  from space 5120K, 0% used [0x00000000d7b80000,0x00000000d7b80000,0x00000000d8080000)
  to   space 5120K, 0% used [0x00000000da100000,0x00000000da100000,0x00000000da600000)
 ParOldGen       total 282624K, used 281407K [0x0000000081000000, 0x0000000092400000, 0x00000000d5b00000)
  object space 282624K, 99% used [0x0000000081000000,0x00000000922cffc8,0x0000000092400000)
 Metaspace       used 11694K, capacity 11922K, committed 12288K, reserved 1060864K
  class space    used 1368K, capacity 1456K, committed 1536K, reserved 1048576K
Event: 7.551 GC heap after
Heap after GC invocations=5 (full 2):
 PSYoungGen      total 38400K, used 0K [0x00000000d5b00000, 0x00000000da600000, 0x0000000100000000)
  eden space 33280K, 0% used [0x00000000d5b00000,0x00000000d5b00000,0x00000000d7b80000)
  from space 5120K, 0% used [0x00000000d7b80000,0x00000000d7b80000,0x00000000d8080000)
  to   space 5120K, 0% used [0x00000000da100000,0x00000000da100000,0x00000000da600000)
 ParOldGen       total 88064K, used 20208K [0x0000000081000000, 0x0000000086600000, 0x00000000d5b00000)
  object space 88064K, 22% used [0x0000000081000000,0x00000000823bc1b8,0x0000000086600000)
 Metaspace       used 11694K, capacity 11922K, committed 12288K, reserved 1060864K
  class space    used 1368K, capacity 1456K, committed 1536K, reserved 1048576K
}
Event: 7.598 GC heap before
{Heap before GC invocations=6 (full 2):
 PSYoungGen      total 38400K, used 31553K [0x00000000d5b00000, 0x00000000da600000, 0x0000000100000000)
  eden space 33280K, 94% used [0x00000000d5b00000,0x00000000d79d0408,0x00000000d7b80000)
  from space 5120K, 0% used [0x00000000d7b80000,0x00000000d7b80000,0x00000000d8080000)
  to   space 5120K, 0% used [0x00000000da100000,0x00000000da100000,0x00000000da600000)
 ParOldGen       total 88064K, used 26283K [0x0000000081000000, 0x0000000086600000, 0x00000000d5b00000)
  object space 88064K, 29% used [0x0000000081000000,0x00000000829aadc8,0x0000000086600000)
 Metaspace       used 11719K, capacity 11922K, committed 12288K, reserved 1060864K
  class space    used 1368K, capacity 1456K, committed 1536K, reserved 1048576K
Event: 7.606 GC heap after
Heap after GC invocations=6 (full 2):
 PSYoungGen      total 57856K, used 352K [0x00000000d5b00000, 0x00000000da180000, 0x0000000100000000)
  eden space 57344K, 0% used [0x00000000d5b00000,0x00000000d5b00000,0x00000000d9300000)
  from space 512K, 68% used [0x00000000da100000,0x00000000da158000,0x00000000da180000)
  to   space 5120K, 0% used [0x00000000d9780000,0x00000000d9780000,0x00000000d9c80000)
 ParOldGen       total 88064K, used 68816K [0x0000000081000000, 0x0000000086600000, 0x00000000d5b00000)
  object space 88064K, 78% used [0x0000000081000000,0x0000000085334238,0x0000000086600000)
 Metaspace       used 11719K, capacity 11922K, committed 12288K, reserved 1060864K
  class space    used 1368K, capacity 1456K, committed 1536K, reserved 1048576K
}
Event: 7.606 GC heap before
{Heap before GC invocations=7 (full 3):
 PSYoungGen      total 57856K, used 352K [0x00000000d5b00000, 0x00000000da180000, 0x0000000100000000)
  eden space 57344K, 0% used [0x00000000d5b00000,0x00000000d5b00000,0x00000000d9300000)
  from space 512K, 68% used [0x00000000da100000,0x00000000da158000,0x00000000da180000)
  to   space 5120K, 0% used [0x00000000d9780000,0x00000000d9780000,0x00000000d9c80000)
 ParOldGen       total 88064K, used 68816K [0x0000000081000000, 0x0000000086600000, 0x00000000d5b00000)
  object space 88064K, 78% used [0x0000000081000000,0x0000000085334238,0x0000000086600000)
 Metaspace       used 11719K, capacity 11922K, committed 12288K, reserved 1060864K
  class space    used 1368K, capacity 1456K, committed 1536K, reserved 1048576K
Event: 7.626 GC heap after
Heap after GC invocations=7 (full 3):
 PSYoungGen      total 57856K, used 0K [0x00000000d5b00000, 0x00000000da180000, 0x0000000100000000)
  eden space 57344K, 0% used [0x00000000d5b00000,0x00000000d5b00000,0x00000000d9300000)
  from space 512K, 0% used [0x00000000da100000,0x00000000da100000,0x00000000da180000)
  to   space 5120K, 0% used [0x00000000d9780000,0x00000000d9780000,0x00000000d9c80000)
 ParOldGen       total 121344K, used 20209K [0x0000000081000000, 0x0000000088680000, 0x00000000d5b00000)
  object space 121344K, 16% used [0x0000000081000000,0x00000000823bc5a0,0x0000000088680000)
 Metaspace       used 11719K, capacity 11922K, committed 12288K, reserved 1060864K
  class space    used 1368K, capacity 1456K, committed 1536K, reserved 1048576K
}
Event: 7.923 GC heap before
{Heap before GC invocations=8 (full 4):
 PSYoungGen      total 57856K, used 57344K [0x00000000d5b00000, 0x00000000da180000, 0x0000000100000000)
  eden space 57344K, 100% used [0x00000000d5b00000,0x00000000d9300000,0x00000000d9300000)
  from space 512K, 0% used [0x00000000da100000,0x00000000da100000,0x00000000da180000)
  to   space 5120K, 0% used [0x00000000d9780000,0x00000000d9780000,0x00000000d9c80000)
 ParOldGen       total 176640K, used 172085K [0x0000000081000000, 0x000000008bc80000, 0x00000000d5b00000)
  object space 176640K, 97% used [0x0000000081000000,0x000000008b80d7f8,0x000000008bc80000)
 Metaspace       used 11860K, capacity 12054K, committed 12288K, reserved 1060864K
  class space    used 1368K, capacity 1456K, committed 1536K, reserved 1048576K
Event: 7.936 GC heap after
Heap after GC invocations=8 (full 4):
 PSYoungGen      total 57856K, used 0K [0x00000000d5b00000, 0x00000000da180000, 0x0000000100000000)
  eden space 57344K, 0% used [0x00000000d5b00000,0x00000000d5b00000,0x00000000d9300000)
  from space 512K, 0% used [0x00000000da100000,0x00000000da100000,0x00000000da180000)
  to   space 5120K, 0% used [0x00000000d9780000,0x00000000d9780000,0x00000000d9c80000)
 ParOldGen       total 141824K, used 20280K [0x0000000081000000, 0x0000000089a80000, 0x00000000d5b00000)
  object space 141824K, 14% used [0x0000000081000000,0x00000000823ce258,0x0000000089a80000)
 Metaspace       used 11860K, capacity 12054K, committed 12288K, reserved 1060864K
  class space    used 1368K, capacity 1456K, committed 1536K, reserved 1048576K
}
Event: 8.007 GC heap before
{Heap before GC invocations=9 (full 4):
 PSYoungGen      total 57856K, used 56169K [0x00000000d5b00000, 0x00000000da180000, 0x0000000100000000)
  eden space 57344K, 97% used [0x00000000d5b00000,0x00000000d91da668,0x00000000d9300000)
  from space 512K, 0% used [0x00000000da100000,0x00000000da100000,0x00000000da180000)
  to   space 5120K, 0% used [0x00000000d9780000,0x00000000d9780000,0x00000000d9c80000)
 ParOldGen       total 141824K, used 26355K [0x0000000081000000, 0x0000000089a80000, 0x00000000d5b00000)
  object space 141824K, 18% used [0x0000000081000000,0x00000000829bce68,0x0000000089a80000)
 Metaspace       used 11899K, capacity 12118K, committed 12288K, reserved 1060864K
  class space    used 1368K, capacity 1456K, committed 1536K, reserved 1048576K
Event: 8.013 GC heap after
Heap after GC invocations=9 (full 4):
 PSYoungGen      total 67072K, used 320K [0x00000000d5b00000, 0x00000000dae80000, 0x0000000100000000)
  eden space 61952K, 0% used [0x00000000d5b00000,0x00000000d5b00000,0x00000000d9780000)
  from space 5120K, 6% used [0x00000000d9780000,0x00000000d97d0000,0x00000000d9c80000)
  to   space 3072K, 0% used [0x00000000dab80000,0x00000000dab80000,0x00000000dae80000)
 ParOldGen       total 141824K, used 68880K [0x0000000081000000, 0x0000000089a80000, 0x00000000d5b00000)
  object space 141824K, 48% used [0x0000000081000000,0x00000000853442d8,0x0000000089a80000)
 Metaspace       used 11899K, capacity 12118K, committed 12288K, reserved 1060864K
  class space    used 1368K, capacity 1456K, committed 1536K, reserved 1048576K
}

