# JRE version: Java(TM) SE Runtime Environment (8.0_191-b12) (build 1.8.0_191-b12)
# Java VM: Java HotSpot(TM) 64-Bit Server VM (25.191-b12 mixed mode windows-amd64 compressed oops)
Heap:
 PSYoungGen      total 71680K, used 10300K [0x00000000d5b00000, 0x00000000da600000, 0x0000000100000000)
  eden space 66560K, 15% used [0x00000000d5b00000,0x00000000d650f210,0x00000000d9c00000)
  from space 5120K, 0% used [0x00000000da100000,0x00000000da100000,0x00000000da600000)
  to   space 5120K, 0% used [0x00000000d9c00000,0x00000000d9c00000,0x00000000da100000)
 ParOldGen       total 90624K, used 2986K [0x0000000081000000, 0x0000000086880000, 0x00000000d5b00000)
  object space 90624K, 3% used [0x0000000081000000,0x00000000812eaa48,0x0000000086880000)
 Metaspace       used 12762K, capacity 13018K, committed 13056K, reserved 1060864K
  class space    used 1422K, capacity 1520K, committed 1536K, reserved 1048576K
GC Heap History (10 events):
Event: 5.141 GC heap before
{Heap before GC invocations=3 (full 0):
 PSYoungGen      total 38400K, used 34846K [0x00000000d5b00000, 0x00000000da600000, 0x0000000100000000)
  eden space 33280K, 97% used [0x00000000d5b00000,0x00000000d7abe1a0,0x00000000d7b80000)
  from space 5120K, 45% used [0x00000000d8080000,0x00000000d82c98d0,0x00000000d8580000)
  to   space 5120K, 0% used [0x00000000d7b80000,0x00000000d7b80000,0x00000000d8080000)
 ParOldGen       total 87552K, used 30399K [0x0000000081000000, 0x0000000086580000, 0x00000000d5b00000)
  object space 87552K, 34% used [0x0000000081000000,0x0000000082dafc50,0x0000000086580000)
 Metaspace       used 11998K, capacity 12202K, committed 12288K, reserved 1060864K
  class space    used 1416K, capacity 1488K, committed 1536K, reserved 1048576K
Event: 5.149 GC heap after
Heap after GC invocations=3 (full 0):
 PSYoungGen      total 38400K, used 2358K [0x00000000d5b00000, 0x00000000da600000, 0x0000000100000000)
  eden space 33280K, 0% used [0x00000000d5b00000,0x00000000d5b00000,0x00000000d7b80000)
  from space 5120K, 46% used [0x00000000d7b80000,0x00000000d7dcd8c0,0x00000000d8080000)
  to   space 5120K, 0% used [0x00000000da100000,0x00000000da100000,0x00000000da600000)
 ParOldGen       total 87552K, used 48632K [0x0000000081000000, 0x0000000086580000, 0x00000000d5b00000)
  object space 87552K, 55% used [0x0000000081000000,0x0000000083f7e080,0x0000000086580000)
 Metaspace       used 11998K, capacity 12202K, committed 12288K, reserved 1060864K
  class space    used 1416K, capacity 1488K, committed 1536K, reserved 1048576K
}
Event: 5.184 GC heap before
{Heap before GC invocations=4 (full 0):
 PSYoungGen      total 38400K, used 33980K [0x00000000d5b00000, 0x00000000da600000, 0x0000000100000000)
  eden space 33280K, 95% used [0x00000000d5b00000,0x00000000d79e18d0,0x00000000d7b80000)
  from space 5120K, 46% used [0x00000000d7b80000,0x00000000d7dcd8c0,0x00000000d8080000)
  to   space 5120K, 0% used [0x00000000da100000,0x00000000da100000,0x00000000da600000)
 ParOldGen       total 87552K, used 54707K [0x0000000081000000, 0x0000000086580000, 0x00000000d5b00000)
  object space 87552K, 62% used [0x0000000081000000,0x000000008456cc90,0x0000000086580000)
 Metaspace       used 12018K, capacity 12202K, committed 12288K, reserved 1060864K
  class space    used 1416K, capacity 1488K, committed 1536K, reserved 1048576K
Event: 5.195 GC heap after
Heap after GC invocations=4 (full 0):
 PSYoungGen      total 71680K, used 2422K [0x00000000d5b00000, 0x00000000da600000, 0x0000000100000000)
  eden space 66560K, 0% used [0x00000000d5b00000,0x00000000d5b00000,0x00000000d9c00000)
  from space 5120K, 47% used [0x00000000da100000,0x00000000da35d8c0,0x00000000da600000)
  to   space 5120K, 0% used [0x00000000d9c00000,0x00000000d9c00000,0x00000000da100000)
 ParOldGen       total 99840K, used 97240K [0x0000000081000000, 0x0000000087180000, 0x00000000d5b00000)
  object space 99840K, 97% used [0x0000000081000000,0x0000000086ef6100,0x0000000087180000)
 Metaspace       used 12018K, capacity 12202K, committed 12288K, reserved 1060864K
  class space    used 1416K, capacity 1488K, committed 1536K, reserved 1048576K
}
Event: 5.195 GC heap before
{Heap before GC invocations=5 (full 1):
 PSYoungGen      total 71680K, used 2422K [0x00000000d5b00000, 0x00000000da600000, 0x0000000100000000)
  eden space 66560K, 0% used [0x00000000d5b00000,0x00000000d5b00000,0x00000000d9c00000)
  from space 5120K, 47% used [0x00000000da100000,0x00000000da35d8c0,0x00000000da600000)
  to   space 5120K, 0% used [0x00000000d9c00000,0x00000000d9c00000,0x00000000da100000)
 ParOldGen       total 99840K, used 97240K [0x0000000081000000, 0x0000000087180000, 0x00000000d5b00000)
  object space 99840K, 97% used [0x0000000081000000,0x0000000086ef6100,0x0000000087180000)
 Metaspace       used 12018K, capacity 12202K, committed 12288K, reserved 1060864K
  class space    used 1416K, capacity 1488K, committed 1536K, reserved 1048576K
Event: 5.211 GC heap after
Heap after GC invocations=5 (full 1):
 PSYoungGen      total 71680K, used 0K [0x00000000d5b00000, 0x00000000da600000, 0x0000000100000000)
  eden space 66560K, 0% used [0x00000000d5b00000,0x00000000d5b00000,0x00000000d9c00000)
  from space 5120K, 0% used [0x00000000da100000,0x00000000da100000,0x00000000da600000)
  to   space 5120K, 0% used [0x00000000d9c00000,0x00000000d9c00000,0x00000000da100000)
 ParOldGen       total 101376K, used 20375K [0x0000000081000000, 0x0000000087300000, 0x00000000d5b00000)
  object space 101376K, 20% used [0x0000000081000000,0x00000000823e5ec0,0x0000000087300000)
 Metaspace       used 12018K, capacity 12202K, committed 12288K, reserved 1060864K
  class space    used 1416K, capacity 1488K, committed 1536K, reserved 1048576K
}
Event: 5.958 GC heap before
{Heap before GC invocations=6 (full 2):
 PSYoungGen      total 71680K, used 66560K [0x00000000d5b00000, 0x00000000da600000, 0x0000000100000000)
  eden space 66560K, 100% used [0x00000000d5b00000,0x00000000d9c00000,0x00000000d9c00000)
  from space 5120K, 0% used [0x00000000da100000,0x00000000da100000,0x00000000da600000)
  to   space 5120K, 0% used [0x00000000d9c00000,0x00000000d9c00000,0x00000000da100000)
 ParOldGen       total 414720K, used 409176K [0x0000000081000000, 0x000000009a500000, 0x00000000d5b00000)
  object space 414720K, 98% used [0x0000000081000000,0x0000000099f962c0,0x000000009a500000)
 Metaspace       used 12347K, capacity 12530K, committed 12800K, reserved 1060864K
  class space    used 1416K, capacity 1488K, committed 1536K, reserved 1048576K
Event: 6.008 GC heap after
Heap after GC invocations=6 (full 2):
 PSYoungGen      total 71680K, used 0K [0x00000000d5b00000, 0x00000000da600000, 0x0000000100000000)
  eden space 66560K, 0% used [0x00000000d5b00000,0x00000000d5b00000,0x00000000d9c00000)
  from space 5120K, 0% used [0x00000000da100000,0x00000000da100000,0x00000000da600000)
  to   space 5120K, 0% used [0x00000000d9c00000,0x00000000d9c00000,0x00000000da100000)
 ParOldGen       total 105472K, used 20281K [0x0000000081000000, 0x0000000087700000, 0x00000000d5b00000)
  object space 105472K, 19% used [0x0000000081000000,0x00000000823ce7d0,0x0000000087700000)
 Metaspace       used 12347K, capacity 12530K, committed 12800K, reserved 1060864K
  class space    used 1416K, capacity 1488K, committed 1536K, reserved 1048576K
}
Event: 8.614 GC heap before
{Heap before GC invocations=7 (full 3):
 PSYoungGen      total 71680K, used 66237K [0x00000000d5b00000, 0x00000000da600000, 0x0000000100000000)
  eden space 66560K, 99% used [0x00000000d5b00000,0x00000000d9baf708,0x00000000d9c00000)
  from space 5120K, 0% used [0x00000000da100000,0x00000000da100000,0x00000000da600000)
  to   space 5120K, 0% used [0x00000000d9c00000,0x00000000d9c00000,0x00000000da100000)
 ParOldGen       total 346112K, used 346082K [0x0000000081000000, 0x0000000096200000, 0x00000000d5b00000)
  object space 346112K, 99% used [0x0000000081000000,0x00000000961f8bc0,0x0000000096200000)
 Metaspace       used 12745K, capacity 13010K, committed 13056K, reserved 1060864K
  class space    used 1421K, capacity 1520K, committed 1536K, reserved 1048576K
Event: 8.672 GC heap after
Heap after GC invocations=7 (full 3):
 PSYoungGen      total 71680K, used 0K [0x00000000d5b00000, 0x00000000da600000, 0x0000000100000000)
  eden space 66560K, 0% used [0x00000000d5b00000,0x00000000d5b00000,0x00000000d9c00000)
  from space 5120K, 0% used [0x00000000da100000,0x00000000da100000,0x00000000da600000)
  to   space 5120K, 0% used [0x00000000d9c00000,0x00000000d9c00000,0x00000000da100000)
 ParOldGen       total 90624K, used 2986K [0x0000000081000000, 0x0000000086880000, 0x00000000d5b00000)
  object space 90624K, 3% used [0x0000000081000000,0x00000000812eaa48,0x0000000086880000)
 Metaspace       used 12745K, capacity 13010K, committed 13056K, reserved 1060864K
  class space    used 1421K, capacity 1520K, committed 1536K, reserved 1048576K
}

