# JRE version: Java(TM) SE Runtime Environment (8.0_191-b12) (build 1.8.0_191-b12)
# Java VM: Java HotSpot(TM) 64-Bit Server VM (25.191-b12 mixed mode windows-amd64 compressed oops)
Heap:
 PSYoungGen      total 122880K, used 48965K [0x00000000d5b00000, 0x00000000dd980000, 0x0000000100000000)
  eden space 119296K, 38% used [0x00000000d5b00000,0x00000000d8756660,0x00000000dcf80000)
  from space 3584K, 99% used [0x00000000dd600000,0x00000000dd97b030,0x00000000dd980000)
  to   space 4096K, 0% used [0x00000000dd180000,0x00000000dd180000,0x00000000dd580000)
 ParOldGen       total 105984K, used 45173K [0x0000000081000000, 0x0000000087780000, 0x00000000d5b00000)
  object space 105984K, 42% used [0x0000000081000000,0x0000000083c1d450,0x0000000087780000)
 Metaspace       used 13045K, capacity 13274K, committed 13312K, reserved 1060864K
  class space    used 1429K, capacity 1520K, committed 1536K, reserved 1048576K
GC Heap History (10 events):
Event: 5.769 GC heap before
{Heap before GC invocations=4 (full 0):
 PSYoungGen      total 38400K, used 33933K [0x00000000d5b00000, 0x00000000da600000, 0x0000000100000000)
  eden space 33280K, 95% used [0x00000000d5b00000,0x00000000d79e1c40,0x00000000d7b80000)
  from space 5120K, 45% used [0x00000000d7b80000,0x00000000d7dc18b0,0x00000000d8080000)
  to   space 5120K, 0% used [0x00000000da100000,0x00000000da100000,0x00000000da600000)
 ParOldGen       total 87552K, used 54707K [0x0000000081000000, 0x0000000086580000, 0x00000000d5b00000)
  object space 87552K, 62% used [0x0000000081000000,0x000000008456cc90,0x0000000086580000)
 Metaspace       used 12016K, capacity 12202K, committed 12288K, reserved 1060864K
  class space    used 1413K, capacity 1488K, committed 1536K, reserved 1048576K
Event: 5.779 GC heap after
Heap after GC invocations=4 (full 0):
 PSYoungGen      total 71680K, used 2390K [0x00000000d5b00000, 0x00000000da600000, 0x0000000100000000)
  eden space 66560K, 0% used [0x00000000d5b00000,0x00000000d5b00000,0x00000000d9c00000)
  from space 5120K, 46% used [0x00000000da100000,0x00000000da3558c0,0x00000000da600000)
  to   space 5120K, 0% used [0x00000000d9c00000,0x00000000d9c00000,0x00000000da100000)
 ParOldGen       total 99840K, used 97240K [0x0000000081000000, 0x0000000087180000, 0x00000000d5b00000)
  object space 99840K, 97% used [0x0000000081000000,0x0000000086ef6100,0x0000000087180000)
 Metaspace       used 12016K, capacity 12202K, committed 12288K, reserved 1060864K
  class space    used 1413K, capacity 1488K, committed 1536K, reserved 1048576K
}
Event: 5.779 GC heap before
{Heap before GC invocations=5 (full 1):
 PSYoungGen      total 71680K, used 2390K [0x00000000d5b00000, 0x00000000da600000, 0x0000000100000000)
  eden space 66560K, 0% used [0x00000000d5b00000,0x00000000d5b00000,0x00000000d9c00000)
  from space 5120K, 46% used [0x00000000da100000,0x00000000da3558c0,0x00000000da600000)
  to   space 5120K, 0% used [0x00000000d9c00000,0x00000000d9c00000,0x00000000da100000)
 ParOldGen       total 99840K, used 97240K [0x0000000081000000, 0x0000000087180000, 0x00000000d5b00000)
  object space 99840K, 97% used [0x0000000081000000,0x0000000086ef6100,0x0000000087180000)
 Metaspace       used 12016K, capacity 12202K, committed 12288K, reserved 1060864K
  class space    used 1413K, capacity 1488K, committed 1536K, reserved 1048576K
Event: 5.796 GC heap after
Heap after GC invocations=5 (full 1):
 PSYoungGen      total 71680K, used 0K [0x00000000d5b00000, 0x00000000da600000, 0x0000000100000000)
  eden space 66560K, 0% used [0x00000000d5b00000,0x00000000d5b00000,0x00000000d9c00000)
  from space 5120K, 0% used [0x00000000da100000,0x00000000da100000,0x00000000da600000)
  to   space 5120K, 0% used [0x00000000d9c00000,0x00000000d9c00000,0x00000000da100000)
 ParOldGen       total 101376K, used 20369K [0x0000000081000000, 0x0000000087300000, 0x00000000d5b00000)
  object space 101376K, 20% used [0x0000000081000000,0x00000000823e45e0,0x0000000087300000)
 Metaspace       used 12016K, capacity 12202K, committed 12288K, reserved 1060864K
  class space    used 1413K, capacity 1488K, committed 1536K, reserved 1048576K
}
Event: 6.466 GC heap before
{Heap before GC invocations=6 (full 2):
 PSYoungGen      total 71680K, used 66560K [0x00000000d5b00000, 0x00000000da600000, 0x0000000100000000)
  eden space 66560K, 100% used [0x00000000d5b00000,0x00000000d9c00000,0x00000000d9c00000)
  from space 5120K, 0% used [0x00000000da100000,0x00000000da100000,0x00000000da600000)
  to   space 5120K, 0% used [0x00000000d9c00000,0x00000000d9c00000,0x00000000da100000)
 ParOldGen       total 414720K, used 409170K [0x0000000081000000, 0x000000009a500000, 0x00000000d5b00000)
  object space 414720K, 98% used [0x0000000081000000,0x0000000099f949e0,0x000000009a500000)
 Metaspace       used 12357K, capacity 12594K, committed 12800K, reserved 1060864K
  class space    used 1413K, capacity 1488K, committed 1536K, reserved 1048576K
Event: 6.518 GC heap after
Heap after GC invocations=6 (full 2):
 PSYoungGen      total 71680K, used 0K [0x00000000d5b00000, 0x00000000da600000, 0x0000000100000000)
  eden space 66560K, 0% used [0x00000000d5b00000,0x00000000d5b00000,0x00000000d9c00000)
  from space 5120K, 0% used [0x00000000da100000,0x00000000da100000,0x00000000da600000)
  to   space 5120K, 0% used [0x00000000d9c00000,0x00000000d9c00000,0x00000000da100000)
 ParOldGen       total 105984K, used 20292K [0x0000000081000000, 0x0000000087780000, 0x00000000d5b00000)
  object space 105984K, 19% used [0x0000000081000000,0x00000000823d11e8,0x0000000087780000)
 Metaspace       used 12357K, capacity 12594K, committed 12800K, reserved 1060864K
  class space    used 1413K, capacity 1488K, committed 1536K, reserved 1048576K
}
Event: 29.967 GC heap before
{Heap before GC invocations=7 (full 2):
 PSYoungGen      total 71680K, used 66560K [0x00000000d5b00000, 0x00000000da600000, 0x0000000100000000)
  eden space 66560K, 100% used [0x00000000d5b00000,0x00000000d9c00000,0x00000000d9c00000)
  from space 5120K, 0% used [0x00000000da100000,0x00000000da100000,0x00000000da600000)
  to   space 5120K, 0% used [0x00000000d9c00000,0x00000000d9c00000,0x00000000da100000)
 ParOldGen       total 105984K, used 45045K [0x0000000081000000, 0x0000000087780000, 0x00000000d5b00000)
  object space 105984K, 42% used [0x0000000081000000,0x0000000083bfd450,0x0000000087780000)
 Metaspace       used 12601K, capacity 12850K, committed 13056K, reserved 1060864K
  class space    used 1419K, capacity 1488K, committed 1536K, reserved 1048576K
Event: 29.969 GC heap after
Heap after GC invocations=7 (full 2):
 PSYoungGen      total 71680K, used 471K [0x00000000d5b00000, 0x00000000dd980000, 0x0000000100000000)
  eden space 66560K, 0% used [0x00000000d5b00000,0x00000000d5b00000,0x00000000d9c00000)
  from space 5120K, 9% used [0x00000000d9c00000,0x00000000d9c75d08,0x00000000da100000)
  to   space 3584K, 0% used [0x00000000dd600000,0x00000000dd600000,0x00000000dd980000)
 ParOldGen       total 105984K, used 45053K [0x0000000081000000, 0x0000000087780000, 0x00000000d5b00000)
  object space 105984K, 42% used [0x0000000081000000,0x0000000083bff450,0x0000000087780000)
 Metaspace       used 12601K, capacity 12850K, committed 13056K, reserved 1060864K
  class space    used 1419K, capacity 1488K, committed 1536K, reserved 1048576K
}
Event: 41.694 GC heap before
{Heap before GC invocations=8 (full 2):
 PSYoungGen      total 71680K, used 66561K [0x00000000d5b00000, 0x00000000dd980000, 0x0000000100000000)
  eden space 66560K, 99% used [0x00000000d5b00000,0x00000000d9b8a738,0x00000000d9c00000)
  from space 5120K, 9% used [0x00000000d9c00000,0x00000000d9c75d08,0x00000000da100000)
  to   space 3584K, 0% used [0x00000000dd600000,0x00000000dd600000,0x00000000dd980000)
 ParOldGen       total 105984K, used 45053K [0x0000000081000000, 0x0000000087780000, 0x00000000d5b00000)
  object space 105984K, 42% used [0x0000000081000000,0x0000000083bff450,0x0000000087780000)
 Metaspace       used 12979K, capacity 13210K, committed 13312K, reserved 1060864K
  class space    used 1426K, capacity 1520K, committed 1536K, reserved 1048576K
Event: 41.696 GC heap after
Heap after GC invocations=8 (full 2):
 PSYoungGen      total 122880K, used 3564K [0x00000000d5b00000, 0x00000000dd980000, 0x0000000100000000)
  eden space 119296K, 0% used [0x00000000d5b00000,0x00000000d5b00000,0x00000000dcf80000)
  from space 3584K, 99% used [0x00000000dd600000,0x00000000dd97b030,0x00000000dd980000)
  to   space 4096K, 0% used [0x00000000dd180000,0x00000000dd180000,0x00000000dd580000)
 ParOldGen       total 105984K, used 45173K [0x0000000081000000, 0x0000000087780000, 0x00000000d5b00000)
  object space 105984K, 42% used [0x0000000081000000,0x0000000083c1d450,0x0000000087780000)
 Metaspace       used 12979K, capacity 13210K, committed 13312K, reserved 1060864K
  class space    used 1426K, capacity 1520K, committed 1536K, reserved 1048576K
}

