# JRE version: Java(TM) SE Runtime Environment (8.0_191-b12) (build 1.8.0_191-b12)
# Java VM: Java HotSpot(TM) 64-Bit Server VM (25.191-b12 mixed mode windows-amd64 compressed oops)
Heap:
 PSYoungGen      total 71680K, used 8902K [0x00000000d5b00000, 0x00000000ddb00000, 0x0000000100000000)
  eden space 66560K, 13% used [0x00000000d5b00000,0x00000000d63b18e0,0x00000000d9c00000)
  from space 5120K, 0% used [0x00000000d9c00000,0x00000000d9c00000,0x00000000da100000)
  to   space 3584K, 0% used [0x00000000dd780000,0x00000000dd780000,0x00000000ddb00000)
 ParOldGen       total 124416K, used 3088K [0x0000000081000000, 0x0000000088980000, 0x00000000d5b00000)
  object space 124416K, 2% used [0x0000000081000000,0x00000000813042d8,0x0000000088980000)
 Metaspace       used 12777K, capacity 13018K, committed 13056K, reserved 1060864K
  class space    used 1428K, capacity 1520K, committed 1536K, reserved 1048576K
GC Heap History (10 events):
Event: 4.069 GC heap before
{Heap before GC invocations=5 (full 1):
 PSYoungGen      total 71680K, used 2406K [0x00000000d5b00000, 0x00000000da600000, 0x0000000100000000)
  eden space 66560K, 0% used [0x00000000d5b00000,0x00000000d5b00000,0x00000000d9c00000)
  from space 5120K, 46% used [0x00000000da100000,0x00000000da3598b0,0x00000000da600000)
  to   space 5120K, 0% used [0x00000000d9c00000,0x00000000d9c00000,0x00000000da100000)
 ParOldGen       total 99840K, used 97240K [0x0000000081000000, 0x0000000087180000, 0x00000000d5b00000)
  object space 99840K, 97% used [0x0000000081000000,0x0000000086ef6100,0x0000000087180000)
 Metaspace       used 12040K, capacity 12298K, committed 12544K, reserved 1060864K
  class space    used 1420K, capacity 1520K, committed 1536K, reserved 1048576K
Event: 4.085 GC heap after
Heap after GC invocations=5 (full 1):
 PSYoungGen      total 71680K, used 0K [0x00000000d5b00000, 0x00000000da600000, 0x0000000100000000)
  eden space 66560K, 0% used [0x00000000d5b00000,0x00000000d5b00000,0x00000000d9c00000)
  from space 5120K, 0% used [0x00000000da100000,0x00000000da100000,0x00000000da600000)
  to   space 5120K, 0% used [0x00000000d9c00000,0x00000000d9c00000,0x00000000da100000)
 ParOldGen       total 101888K, used 20367K [0x0000000081000000, 0x0000000087380000, 0x00000000d5b00000)
  object space 101888K, 19% used [0x0000000081000000,0x00000000823e3d30,0x0000000087380000)
 Metaspace       used 12040K, capacity 12298K, committed 12544K, reserved 1060864K
  class space    used 1420K, capacity 1520K, committed 1536K, reserved 1048576K
}
Event: 4.796 GC heap before
{Heap before GC invocations=6 (full 2):
 PSYoungGen      total 71680K, used 66560K [0x00000000d5b00000, 0x00000000da600000, 0x0000000100000000)
  eden space 66560K, 100% used [0x00000000d5b00000,0x00000000d9c00000,0x00000000d9c00000)
  from space 5120K, 0% used [0x00000000da100000,0x00000000da100000,0x00000000da600000)
  to   space 5120K, 0% used [0x00000000d9c00000,0x00000000d9c00000,0x00000000da100000)
 ParOldGen       total 396800K, used 390943K [0x0000000081000000, 0x0000000099380000, 0x00000000d5b00000)
  object space 396800K, 98% used [0x0000000081000000,0x0000000098dc7d68,0x0000000099380000)
 Metaspace       used 12363K, capacity 12626K, committed 12800K, reserved 1060864K
  class space    used 1420K, capacity 1520K, committed 1536K, reserved 1048576K
Event: 4.843 GC heap after
Heap after GC invocations=6 (full 2):
 PSYoungGen      total 71680K, used 0K [0x00000000d5b00000, 0x00000000da600000, 0x0000000100000000)
  eden space 66560K, 0% used [0x00000000d5b00000,0x00000000d5b00000,0x00000000d9c00000)
  from space 5120K, 0% used [0x00000000da100000,0x00000000da100000,0x00000000da600000)
  to   space 5120K, 0% used [0x00000000d9c00000,0x00000000d9c00000,0x00000000da100000)
 ParOldGen       total 99840K, used 14214K [0x0000000081000000, 0x0000000087180000, 0x00000000d5b00000)
  object space 99840K, 14% used [0x0000000081000000,0x0000000081de1a58,0x0000000087180000)
 Metaspace       used 12363K, capacity 12626K, committed 12800K, reserved 1060864K
  class space    used 1420K, capacity 1520K, committed 1536K, reserved 1048576K
}
Event: 4.922 GC heap before
{Heap before GC invocations=7 (full 2):
 PSYoungGen      total 71680K, used 62399K [0x00000000d5b00000, 0x00000000da600000, 0x0000000100000000)
  eden space 66560K, 93% used [0x00000000d5b00000,0x00000000d97efe48,0x00000000d9c00000)
  from space 5120K, 0% used [0x00000000da100000,0x00000000da100000,0x00000000da600000)
  to   space 5120K, 0% used [0x00000000d9c00000,0x00000000d9c00000,0x00000000da100000)
 ParOldGen       total 99840K, used 20289K [0x0000000081000000, 0x0000000087180000, 0x00000000d5b00000)
  object space 99840K, 20% used [0x0000000081000000,0x00000000823d0668,0x0000000087180000)
 Metaspace       used 12378K, capacity 12626K, committed 12800K, reserved 1060864K
  class space    used 1420K, capacity 1520K, committed 1536K, reserved 1048576K
Event: 4.930 GC heap after
Heap after GC invocations=7 (full 2):
 PSYoungGen      total 71680K, used 384K [0x00000000d5b00000, 0x00000000ddb00000, 0x0000000100000000)
  eden space 66560K, 0% used [0x00000000d5b00000,0x00000000d5b00000,0x00000000d9c00000)
  from space 5120K, 7% used [0x00000000d9c00000,0x00000000d9c60000,0x00000000da100000)
  to   space 3584K, 0% used [0x00000000dd780000,0x00000000dd780000,0x00000000ddb00000)
 ParOldGen       total 99840K, used 62814K [0x0000000081000000, 0x0000000087180000, 0x00000000d5b00000)
  object space 99840K, 62% used [0x0000000081000000,0x0000000084d57ad8,0x0000000087180000)
 Metaspace       used 12378K, capacity 12626K, committed 12800K, reserved 1060864K
  class space    used 1420K, capacity 1520K, committed 1536K, reserved 1048576K
}
Event: 4.930 GC heap before
{Heap before GC invocations=8 (full 3):
 PSYoungGen      total 71680K, used 384K [0x00000000d5b00000, 0x00000000ddb00000, 0x0000000100000000)
  eden space 66560K, 0% used [0x00000000d5b00000,0x00000000d5b00000,0x00000000d9c00000)
  from space 5120K, 7% used [0x00000000d9c00000,0x00000000d9c60000,0x00000000da100000)
  to   space 3584K, 0% used [0x00000000dd780000,0x00000000dd780000,0x00000000ddb00000)
 ParOldGen       total 99840K, used 62814K [0x0000000081000000, 0x0000000087180000, 0x00000000d5b00000)
  object space 99840K, 62% used [0x0000000081000000,0x0000000084d57ad8,0x0000000087180000)
 Metaspace       used 12378K, capacity 12626K, committed 12800K, reserved 1060864K
  class space    used 1420K, capacity 1520K, committed 1536K, reserved 1048576K
Event: 4.970 GC heap after
Heap after GC invocations=8 (full 3):
 PSYoungGen      total 71680K, used 0K [0x00000000d5b00000, 0x00000000ddb00000, 0x0000000100000000)
  eden space 66560K, 0% used [0x00000000d5b00000,0x00000000d5b00000,0x00000000d9c00000)
  from space 5120K, 0% used [0x00000000d9c00000,0x00000000d9c00000,0x00000000da100000)
  to   space 3584K, 0% used [0x00000000dd780000,0x00000000dd780000,0x00000000ddb00000)
 ParOldGen       total 127488K, used 20220K [0x0000000081000000, 0x0000000088c80000, 0x00000000d5b00000)
  object space 127488K, 15% used [0x0000000081000000,0x00000000823bf2e8,0x0000000088c80000)
 Metaspace       used 12378K, capacity 12626K, committed 12800K, reserved 1060864K
  class space    used 1420K, capacity 1520K, committed 1536K, reserved 1048576K
}
Event: 9.591 GC heap before
{Heap before GC invocations=9 (full 4):
 PSYoungGen      total 71680K, used 66470K [0x00000000d5b00000, 0x00000000ddb00000, 0x0000000100000000)
  eden space 66560K, 99% used [0x00000000d5b00000,0x00000000d9be9bd8,0x00000000d9c00000)
  from space 5120K, 0% used [0x00000000d9c00000,0x00000000d9c00000,0x00000000da100000)
  to   space 3584K, 0% used [0x00000000dd780000,0x00000000dd780000,0x00000000ddb00000)
 ParOldGen       total 263680K, used 263221K [0x0000000081000000, 0x0000000091180000, 0x00000000d5b00000)
  object space 263680K, 99% used [0x0000000081000000,0x000000009110d6d8,0x0000000091180000)
 Metaspace       used 12752K, capacity 13018K, committed 13056K, reserved 1060864K
  class space    used 1425K, capacity 1520K, committed 1536K, reserved 1048576K
Event: 9.614 GC heap after
Heap after GC invocations=9 (full 4):
 PSYoungGen      total 71680K, used 0K [0x00000000d5b00000, 0x00000000ddb00000, 0x0000000100000000)
  eden space 66560K, 0% used [0x00000000d5b00000,0x00000000d5b00000,0x00000000d9c00000)
  from space 5120K, 0% used [0x00000000d9c00000,0x00000000d9c00000,0x00000000da100000)
  to   space 3584K, 0% used [0x00000000dd780000,0x00000000dd780000,0x00000000ddb00000)
 ParOldGen       total 124416K, used 3088K [0x0000000081000000, 0x0000000088980000, 0x00000000d5b00000)
  object space 124416K, 2% used [0x0000000081000000,0x00000000813042d8,0x0000000088980000)
 Metaspace       used 12752K, capacity 13018K, committed 13056K, reserved 1060864K
  class space    used 1425K, capacity 1520K, committed 1536K, reserved 1048576K
}

