# JRE version: Java(TM) SE Runtime Environment (8.0_191-b12) (build 1.8.0_191-b12)
# Java VM: Java HotSpot(TM) 64-Bit Server VM (25.191-b12 mixed mode windows-amd64 compressed oops)
Heap:
 PSYoungGen      total 89600K, used 32255K [0x00000000d5b00000, 0x00000000dc200000, 0x0000000100000000)
  eden space 86528K, 37% used [0x00000000d5b00000,0x00000000d7a7fcd8,0x00000000daf80000)
  from space 3072K, 0% used [0x00000000db280000,0x00000000db280000,0x00000000db580000)
  to   space 3072K, 0% used [0x00000000daf80000,0x00000000daf80000,0x00000000db280000)
 ParOldGen       total 117760K, used 3922K [0x0000000081000000, 0x0000000088300000, 0x00000000d5b00000)
  object space 117760K, 3% used [0x0000000081000000,0x00000000813d4930,0x0000000088300000)
 Metaspace       used 12306K, capacity 12510K, committed 12800K, reserved 1060864K
  class space    used 1376K, capacity 1456K, committed 1536K, reserved 1048576K
GC Heap History (10 events):
Event: 4.805 GC heap before
{Heap before GC invocations=6 (full 2):
 PSYoungGen      total 38400K, used 31875K [0x00000000d5b00000, 0x00000000da600000, 0x0000000100000000)
  eden space 33280K, 95% used [0x00000000d5b00000,0x00000000d7a20cb0,0x00000000d7b80000)
  from space 5120K, 0% used [0x00000000d7b80000,0x00000000d7b80000,0x00000000d8080000)
  to   space 5120K, 0% used [0x00000000da100000,0x00000000da100000,0x00000000da600000)
 ParOldGen       total 86016K, used 14108K [0x0000000081000000, 0x0000000086400000, 0x00000000d5b00000)
  object space 86016K, 16% used [0x0000000081000000,0x0000000081dc7370,0x0000000086400000)
 Metaspace       used 11692K, capacity 11926K, committed 12288K, reserved 1060864K
  class space    used 1370K, capacity 1456K, committed 1536K, reserved 1048576K
Event: 4.809 GC heap after
Heap after GC invocations=6 (full 2):
 PSYoungGen      total 54784K, used 352K [0x00000000d5b00000, 0x00000000da180000, 0x0000000100000000)
  eden space 54272K, 0% used [0x00000000d5b00000,0x00000000d5b00000,0x00000000d9000000)
  from space 512K, 68% used [0x00000000da100000,0x00000000da158000,0x00000000da180000)
  to   space 5120K, 0% used [0x00000000d9780000,0x00000000d9780000,0x00000000d9c80000)
 ParOldGen       total 86016K, used 32341K [0x0000000081000000, 0x0000000086400000, 0x00000000d5b00000)
  object space 86016K, 37% used [0x0000000081000000,0x0000000082f957a0,0x0000000086400000)
 Metaspace       used 11692K, capacity 11926K, committed 12288K, reserved 1060864K
  class space    used 1370K, capacity 1456K, committed 1536K, reserved 1048576K
}
Event: 4.899 GC heap before
{Heap before GC invocations=7 (full 2):
 PSYoungGen      total 54784K, used 50777K [0x00000000d5b00000, 0x00000000da180000, 0x0000000100000000)
  eden space 54272K, 92% used [0x00000000d5b00000,0x00000000d8c3e5e0,0x00000000d9000000)
  from space 512K, 68% used [0x00000000da100000,0x00000000da158000,0x00000000da180000)
  to   space 5120K, 0% used [0x00000000d9780000,0x00000000d9780000,0x00000000d9c80000)
 ParOldGen       total 86016K, used 32341K [0x0000000081000000, 0x0000000086400000, 0x00000000d5b00000)
  object space 86016K, 37% used [0x0000000081000000,0x0000000082f957a0,0x0000000086400000)
 Metaspace       used 11738K, capacity 11926K, committed 12288K, reserved 1060864K
  class space    used 1370K, capacity 1456K, committed 1536K, reserved 1048576K
Event: 4.903 GC heap after
Heap after GC invocations=7 (full 2):
 PSYoungGen      total 67072K, used 352K [0x00000000d5b00000, 0x00000000db580000, 0x0000000100000000)
  eden space 61952K, 0% used [0x00000000d5b00000,0x00000000d5b00000,0x00000000d9780000)
  from space 5120K, 6% used [0x00000000d9780000,0x00000000d97d8000,0x00000000d9c80000)
  to   space 3072K, 0% used [0x00000000db280000,0x00000000db280000,0x00000000db580000)
 ParOldGen       total 86016K, used 50574K [0x0000000081000000, 0x0000000086400000, 0x00000000d5b00000)
  object space 86016K, 58% used [0x0000000081000000,0x0000000084163bd0,0x0000000086400000)
 Metaspace       used 11738K, capacity 11926K, committed 12288K, reserved 1060864K
  class space    used 1370K, capacity 1456K, committed 1536K, reserved 1048576K
}
Event: 4.991 GC heap before
{Heap before GC invocations=8 (full 2):
 PSYoungGen      total 67072K, used 56621K [0x00000000d5b00000, 0x00000000db580000, 0x0000000100000000)
  eden space 61952K, 90% used [0x00000000d5b00000,0x00000000d91f36b0,0x00000000d9780000)
  from space 5120K, 6% used [0x00000000d9780000,0x00000000d97d8000,0x00000000d9c80000)
  to   space 3072K, 0% used [0x00000000db280000,0x00000000db280000,0x00000000db580000)
 ParOldGen       total 86016K, used 56649K [0x0000000081000000, 0x0000000086400000, 0x00000000d5b00000)
  object space 86016K, 65% used [0x0000000081000000,0x00000000847527e0,0x0000000086400000)
 Metaspace       used 11774K, capacity 11990K, committed 12288K, reserved 1060864K
  class space    used 1370K, capacity 1456K, committed 1536K, reserved 1048576K
Event: 4.999 GC heap after
Heap after GC invocations=8 (full 2):
 PSYoungGen      total 89600K, used 416K [0x00000000d5b00000, 0x00000000dc200000, 0x0000000100000000)
  eden space 86528K, 0% used [0x00000000d5b00000,0x00000000d5b00000,0x00000000daf80000)
  from space 3072K, 13% used [0x00000000db280000,0x00000000db2e8000,0x00000000db580000)
  to   space 3072K, 0% used [0x00000000daf80000,0x00000000daf80000,0x00000000db280000)
 ParOldGen       total 104448K, used 99183K [0x0000000081000000, 0x0000000087600000, 0x00000000d5b00000)
  object space 104448K, 94% used [0x0000000081000000,0x00000000870dbc50,0x0000000087600000)
 Metaspace       used 11774K, capacity 11990K, committed 12288K, reserved 1060864K
  class space    used 1370K, capacity 1456K, committed 1536K, reserved 1048576K
}
Event: 4.999 GC heap before
{Heap before GC invocations=9 (full 3):
 PSYoungGen      total 89600K, used 416K [0x00000000d5b00000, 0x00000000dc200000, 0x0000000100000000)
  eden space 86528K, 0% used [0x00000000d5b00000,0x00000000d5b00000,0x00000000daf80000)
  from space 3072K, 13% used [0x00000000db280000,0x00000000db2e8000,0x00000000db580000)
  to   space 3072K, 0% used [0x00000000daf80000,0x00000000daf80000,0x00000000db280000)
 ParOldGen       total 104448K, used 99183K [0x0000000081000000, 0x0000000087600000, 0x00000000d5b00000)
  object space 104448K, 94% used [0x0000000081000000,0x00000000870dbc50,0x0000000087600000)
 Metaspace       used 11774K, capacity 11990K, committed 12288K, reserved 1060864K
  class space    used 1370K, capacity 1456K, committed 1536K, reserved 1048576K
Event: 5.037 GC heap after
Heap after GC invocations=9 (full 3):
 PSYoungGen      total 89600K, used 0K [0x00000000d5b00000, 0x00000000dc200000, 0x0000000100000000)
  eden space 86528K, 0% used [0x00000000d5b00000,0x00000000d5b00000,0x00000000daf80000)
  from space 3072K, 0% used [0x00000000db280000,0x00000000db280000,0x00000000db580000)
  to   space 3072K, 0% used [0x00000000daf80000,0x00000000daf80000,0x00000000db280000)
 ParOldGen       total 117760K, used 20212K [0x0000000081000000, 0x0000000088300000, 0x00000000d5b00000)
  object space 117760K, 17% used [0x0000000081000000,0x00000000823bd198,0x0000000088300000)
 Metaspace       used 11774K, capacity 11990K, committed 12288K, reserved 1060864K
  class space    used 1370K, capacity 1456K, committed 1536K, reserved 1048576K
}
Event: 7.711 GC heap before
{Heap before GC invocations=10 (full 4):
 PSYoungGen      total 89600K, used 86528K [0x00000000d5b00000, 0x00000000dc200000, 0x0000000100000000)
  eden space 86528K, 100% used [0x00000000d5b00000,0x00000000daf80000,0x00000000daf80000)
  from space 3072K, 0% used [0x00000000db280000,0x00000000db280000,0x00000000db580000)
  to   space 3072K, 0% used [0x00000000daf80000,0x00000000daf80000,0x00000000db280000)
 ParOldGen       total 351232K, used 351188K [0x0000000081000000, 0x0000000096700000, 0x00000000d5b00000)
  object space 351232K, 99% used [0x0000000081000000,0x00000000966f5188,0x0000000096700000)
 Metaspace       used 12235K, capacity 12438K, committed 12800K, reserved 1060864K
  class space    used 1376K, capacity 1456K, committed 1536K, reserved 1048576K
Event: 7.742 GC heap after
Heap after GC invocations=10 (full 4):
 PSYoungGen      total 89600K, used 0K [0x00000000d5b00000, 0x00000000dc200000, 0x0000000100000000)
  eden space 86528K, 0% used [0x00000000d5b00000,0x00000000d5b00000,0x00000000daf80000)
  from space 3072K, 0% used [0x00000000db280000,0x00000000db280000,0x00000000db580000)
  to   space 3072K, 0% used [0x00000000daf80000,0x00000000daf80000,0x00000000db280000)
 ParOldGen       total 117760K, used 3922K [0x0000000081000000, 0x0000000088300000, 0x00000000d5b00000)
  object space 117760K, 3% used [0x0000000081000000,0x00000000813d4930,0x0000000088300000)
 Metaspace       used 12235K, capacity 12438K, committed 12800K, reserved 1060864K
  class space    used 1376K, capacity 1456K, committed 1536K, reserved 1048576K
}

