# JRE version: Java(TM) SE Runtime Environment (8.0_191-b12) (build 1.8.0_191-b12)
# Java VM: Java HotSpot(TM) 64-Bit Server VM (25.191-b12 mixed mode windows-amd64 compressed oops)
Heap:
 PSYoungGen      total 59392K, used 14943K [0x00000000d5b00000, 0x00000000da180000, 0x0000000100000000)
  eden space 58880K, 25% used [0x00000000d5b00000,0x00000000d6997ca8,0x00000000d9480000)
  from space 512K, 0% used [0x00000000da100000,0x00000000da100000,0x00000000da180000)
  to   space 5120K, 0% used [0x00000000d9780000,0x00000000d9780000,0x00000000d9c80000)
 ParOldGen       total 120320K, used 3015K [0x0000000081000000, 0x0000000088580000, 0x00000000d5b00000)
  object space 120320K, 2% used [0x0000000081000000,0x00000000812f1d40,0x0000000088580000)
 Metaspace       used 12356K, capacity 12566K, committed 12800K, reserved 1060864K
  class space    used 1394K, capacity 1456K, committed 1536K, reserved 1048576K
GC Heap History (10 events):
Event: 2.743 GC heap before
{Heap before GC invocations=4 (full 1):
 PSYoungGen      total 38400K, used 2240K [0x00000000d5b00000, 0x00000000da600000, 0x0000000100000000)
  eden space 33280K, 0% used [0x00000000d5b00000,0x00000000d5b00000,0x00000000d7b80000)
  from space 5120K, 43% used [0x00000000d7b80000,0x00000000d7db0000,0x00000000d8080000)
  to   space 5120K, 0% used [0x00000000da100000,0x00000000da100000,0x00000000da600000)
 ParOldGen       total 87552K, used 66857K [0x0000000081000000, 0x0000000086580000, 0x00000000d5b00000)
  object space 87552K, 76% used [0x0000000081000000,0x000000008514a4b0,0x0000000086580000)
 Metaspace       used 11614K, capacity 11794K, committed 12032K, reserved 1060864K
  class space    used 1387K, capacity 1456K, committed 1536K, reserved 1048576K
Event: 2.759 GC heap after
Heap after GC invocations=4 (full 1):
 PSYoungGen      total 38400K, used 0K [0x00000000d5b00000, 0x00000000da600000, 0x0000000100000000)
  eden space 33280K, 0% used [0x00000000d5b00000,0x00000000d5b00000,0x00000000d7b80000)
  from space 5120K, 0% used [0x00000000d7b80000,0x00000000d7b80000,0x00000000d8080000)
  to   space 5120K, 0% used [0x00000000da100000,0x00000000da100000,0x00000000da600000)
 ParOldGen       total 80896K, used 20186K [0x0000000081000000, 0x0000000085f00000, 0x00000000d5b00000)
  object space 80896K, 24% used [0x0000000081000000,0x00000000823b6a60,0x0000000085f00000)
 Metaspace       used 11614K, capacity 11794K, committed 12032K, reserved 1060864K
  class space    used 1387K, capacity 1456K, committed 1536K, reserved 1048576K
}
Event: 3.155 GC heap before
{Heap before GC invocations=5 (full 2):
 PSYoungGen      total 38400K, used 33280K [0x00000000d5b00000, 0x00000000da600000, 0x0000000100000000)
  eden space 33280K, 100% used [0x00000000d5b00000,0x00000000d7b80000,0x00000000d7b80000)
  from space 5120K, 0% used [0x00000000d7b80000,0x00000000d7b80000,0x00000000d8080000)
  to   space 5120K, 0% used [0x00000000da100000,0x00000000da100000,0x00000000da600000)
 ParOldGen       total 271360K, used 269262K [0x0000000081000000, 0x0000000091900000, 0x00000000d5b00000)
  object space 271360K, 99% used [0x0000000081000000,0x00000000916f3bc0,0x0000000091900000)
 Metaspace       used 11873K, capacity 12054K, committed 12288K, reserved 1060864K
  class space    used 1387K, capacity 1456K, committed 1536K, reserved 1048576K
Event: 3.189 GC heap after
Heap after GC invocations=5 (full 2):
 PSYoungGen      total 38400K, used 0K [0x00000000d5b00000, 0x00000000da600000, 0x0000000100000000)
  eden space 33280K, 0% used [0x00000000d5b00000,0x00000000d5b00000,0x00000000d7b80000)
  from space 5120K, 0% used [0x00000000d7b80000,0x00000000d7b80000,0x00000000d8080000)
  to   space 5120K, 0% used [0x00000000da100000,0x00000000da100000,0x00000000da600000)
 ParOldGen       total 88064K, used 20216K [0x0000000081000000, 0x0000000086600000, 0x00000000d5b00000)
  object space 88064K, 22% used [0x0000000081000000,0x00000000823be2d0,0x0000000086600000)
 Metaspace       used 11873K, capacity 12054K, committed 12288K, reserved 1060864K
  class space    used 1387K, capacity 1456K, committed 1536K, reserved 1048576K
}
Event: 3.234 GC heap before
{Heap before GC invocations=6 (full 2):
 PSYoungGen      total 38400K, used 31479K [0x00000000d5b00000, 0x00000000da600000, 0x0000000100000000)
  eden space 33280K, 94% used [0x00000000d5b00000,0x00000000d79bdce0,0x00000000d7b80000)
  from space 5120K, 0% used [0x00000000d7b80000,0x00000000d7b80000,0x00000000d8080000)
  to   space 5120K, 0% used [0x00000000da100000,0x00000000da100000,0x00000000da600000)
 ParOldGen       total 88064K, used 26291K [0x0000000081000000, 0x0000000086600000, 0x00000000d5b00000)
  object space 88064K, 29% used [0x0000000081000000,0x00000000829acee0,0x0000000086600000)
 Metaspace       used 11896K, capacity 12118K, committed 12288K, reserved 1060864K
  class space    used 1387K, capacity 1456K, committed 1536K, reserved 1048576K
Event: 3.240 GC heap after
Heap after GC invocations=6 (full 2):
 PSYoungGen      total 59392K, used 384K [0x00000000d5b00000, 0x00000000da180000, 0x0000000100000000)
  eden space 58880K, 0% used [0x00000000d5b00000,0x00000000d5b00000,0x00000000d9480000)
  from space 512K, 75% used [0x00000000da100000,0x00000000da160000,0x00000000da180000)
  to   space 5120K, 0% used [0x00000000d9780000,0x00000000d9780000,0x00000000d9c80000)
 ParOldGen       total 88064K, used 68824K [0x0000000081000000, 0x0000000086600000, 0x00000000d5b00000)
  object space 88064K, 78% used [0x0000000081000000,0x0000000085336350,0x0000000086600000)
 Metaspace       used 11896K, capacity 12118K, committed 12288K, reserved 1060864K
  class space    used 1387K, capacity 1456K, committed 1536K, reserved 1048576K
}
Event: 3.240 GC heap before
{Heap before GC invocations=7 (full 3):
 PSYoungGen      total 59392K, used 384K [0x00000000d5b00000, 0x00000000da180000, 0x0000000100000000)
  eden space 58880K, 0% used [0x00000000d5b00000,0x00000000d5b00000,0x00000000d9480000)
  from space 512K, 75% used [0x00000000da100000,0x00000000da160000,0x00000000da180000)
  to   space 5120K, 0% used [0x00000000d9780000,0x00000000d9780000,0x00000000d9c80000)
 ParOldGen       total 88064K, used 68824K [0x0000000081000000, 0x0000000086600000, 0x00000000d5b00000)
  object space 88064K, 78% used [0x0000000081000000,0x0000000085336350,0x0000000086600000)
 Metaspace       used 11896K, capacity 12118K, committed 12288K, reserved 1060864K
  class space    used 1387K, capacity 1456K, committed 1536K, reserved 1048576K
Event: 3.264 GC heap after
Heap after GC invocations=7 (full 3):
 PSYoungGen      total 59392K, used 0K [0x00000000d5b00000, 0x00000000da180000, 0x0000000100000000)
  eden space 58880K, 0% used [0x00000000d5b00000,0x00000000d5b00000,0x00000000d9480000)
  from space 512K, 0% used [0x00000000da100000,0x00000000da100000,0x00000000da180000)
  to   space 5120K, 0% used [0x00000000d9780000,0x00000000d9780000,0x00000000d9c80000)
 ParOldGen       total 120320K, used 20217K [0x0000000081000000, 0x0000000088580000, 0x00000000d5b00000)
  object space 120320K, 16% used [0x0000000081000000,0x00000000823be5b0,0x0000000088580000)
 Metaspace       used 11896K, capacity 12118K, committed 12288K, reserved 1060864K
  class space    used 1387K, capacity 1456K, committed 1536K, reserved 1048576K
}
Event: 5.515 GC heap before
{Heap before GC invocations=8 (full 4):
 PSYoungGen      total 59392K, used 58880K [0x00000000d5b00000, 0x00000000da180000, 0x0000000100000000)
  eden space 58880K, 100% used [0x00000000d5b00000,0x00000000d9480000,0x00000000d9480000)
  from space 512K, 0% used [0x00000000da100000,0x00000000da100000,0x00000000da180000)
  to   space 5120K, 0% used [0x00000000d9780000,0x00000000d9780000,0x00000000d9c80000)
 ParOldGen       total 246272K, used 245444K [0x0000000081000000, 0x0000000090080000, 0x00000000d5b00000)
  object space 246272K, 99% used [0x0000000081000000,0x000000008ffb1078,0x0000000090080000)
 Metaspace       used 12339K, capacity 12566K, committed 12800K, reserved 1060864K
  class space    used 1393K, capacity 1456K, committed 1536K, reserved 1048576K
Event: 5.535 GC heap after
Heap after GC invocations=8 (full 4):
 PSYoungGen      total 59392K, used 0K [0x00000000d5b00000, 0x00000000da180000, 0x0000000100000000)
  eden space 58880K, 0% used [0x00000000d5b00000,0x00000000d5b00000,0x00000000d9480000)
  from space 512K, 0% used [0x00000000da100000,0x00000000da100000,0x00000000da180000)
  to   space 5120K, 0% used [0x00000000d9780000,0x00000000d9780000,0x00000000d9c80000)
 ParOldGen       total 120320K, used 3015K [0x0000000081000000, 0x0000000088580000, 0x00000000d5b00000)
  object space 120320K, 2% used [0x0000000081000000,0x00000000812f1d40,0x0000000088580000)
 Metaspace       used 12339K, capacity 12566K, committed 12800K, reserved 1060864K
  class space    used 1393K, capacity 1456K, committed 1536K, reserved 1048576K
}

